Demo/build/intermediates/manifest_merge_blame_file/debug/manifest-merger-blame-debug-report.txt
1<?xml version="1.0" encoding="utf-8"?>
2<manifest xmlns:android="http://schemas.android.com/apk/res/android"
3    package="com.qq.e.union.demo"
4    android:versionCode="1"
5    android:versionName="1.0" >
6
7    <uses-sdk
8        android:minSdkVersion="16"
8-->src\main\AndroidManifest.xml
9        android:targetSdkVersion="28" />
9-->src\main\AndroidManifest.xml
10
11    <!-- 相关权限声明 : SDK不强制校验下列权限（即:无下面权限sdk也可正常工作），但建议开发者申请下面权限，尤其是READ_PHONE_STATE权限 -->
12    <!-- READ_PHONE_STATE权限用于允许SDK获取用户标识,针对单媒体的用户，允许获取权限的，投放定向广告；不允许获取权限的用户，投放通投广告，媒体可以选择是否把用户标识数据提供给优量汇，并承担相应广告填充和eCPM单价下降损失的结果。 -->
13    <uses-permission android:name="android.permission.READ_PHONE_STATE" />
13-->src\main\AndroidManifest.xml:8:5-75
13-->src\main\AndroidManifest.xml:8:22-72
14    <uses-permission android:name="android.permission.ACCESS_COARSE_LOCATION" />
14-->src\main\AndroidManifest.xml:9:5-81
14-->src\main\AndroidManifest.xml:9:22-78
15    <uses-permission android:name="android.permission.ACCESS_FINE_LOCATION" /> <!-- 如果需要精确定位的话请加上此权限 -->
15-->src\main\AndroidManifest.xml:10:5-79
15-->src\main\AndroidManifest.xml:10:22-76
16
17
18    <!-- mintegral 简称mtg，此处配置作用于流量分配功能，关于流量分配，详情请咨询商务 -->
19    <!-- mtg所需要的权限，此处因为优量汇SDK已经有相关权限了，此处注释以做提醒 -->
20    <!-- <uses-permission android:name="android.permission.INTERNET" /> -->
21    <!-- <uses-permission android:name="android.permission.ACCESS_NETWORK_STATE" /> -->
22    <!-- 如果国内流量版本SDK ，以下两条权限必须加上 -->
23    <!-- <uses-permission android:name="android.permission.READ_PHONE_STATE" /> -->
24    <!-- <uses-permission android:name="android.permission.REQUEST_INSTALL_PACKAGES" /> -->
25    <!-- mtg需要权限结束 -->
26
27
28    <!-- 快手SDK所需相关权限，存储权限，此处配置作用于流量分配功能，关于流量分配，详情请咨询商务 -->
29    <uses-permission android:name="android.permission.READ_EXTERNAL_STORAGE" />
29-->src\main\AndroidManifest.xml:22:5-80
29-->src\main\AndroidManifest.xml:22:22-77
30    <uses-permission android:name="android.permission.WRITE_EXTERNAL_STORAGE" />
30-->src\main\AndroidManifest.xml:23:5-81
30-->src\main\AndroidManifest.xml:23:22-78
31    <uses-permission android:name="android.permission.REQUEST_INSTALL_PACKAGES" />
31-->[GDTSDK.tbsNormal.4.211.1081.aar] AndroidManifest.xml:11:5-83
31-->[GDTSDK.tbsNormal.4.211.1081.aar] AndroidManifest.xml:11:22-80
32    <uses-permission android:name="android.permission.INTERNET" />
32-->[GDTSDK.tbsNormal.4.211.1081.aar] AndroidManifest.xml:12:5-67
32-->[GDTSDK.tbsNormal.4.211.1081.aar] AndroidManifest.xml:12:22-64
33    <uses-permission android:name="android.permission.ACCESS_NETWORK_STATE" />
33-->[GDTSDK.tbsNormal.4.211.1081.aar] AndroidManifest.xml:13:5-79
33-->[GDTSDK.tbsNormal.4.211.1081.aar] AndroidManifest.xml:13:22-76
34    <uses-permission android:name="android.permission.ACCESS_WIFI_STATE" />
34-->[GDTSDK.tbsNormal.4.211.1081.aar] AndroidManifest.xml:14:5-76
34-->[GDTSDK.tbsNormal.4.211.1081.aar] AndroidManifest.xml:14:22-73
35
36    <permission
36-->[ks_adsdk-2.2.4.aar] AndroidManifest.xml:11:5-13:47
37        android:name="com.qq.e.union.demo.permission.KW_SDK_BROADCAST"
37-->[ks_adsdk-2.2.4.aar] AndroidManifest.xml:12:9-68
38        android:protectionLevel="signature" />
38-->[ks_adsdk-2.2.4.aar] AndroidManifest.xml:13:9-44
39
40    <uses-permission android:name="com.qq.e.union.demo.permission.KW_SDK_BROADCAST" /> <!-- 快手需要权限结束 -->
40-->[ks_adsdk-2.2.4.aar] AndroidManifest.xml:17:5-84
40-->[ks_adsdk-2.2.4.aar] AndroidManifest.xml:17:22-81
41    <application
41-->src\main\AndroidManifest.xml:26:5-419:19
42        android:name="com.qq.e.union.demo.DemoApplication"
42-->src\main\AndroidManifest.xml:27:9-40
43        android:appComponentFactory="android.support.v4.app.CoreComponentFactory"
43-->[com.android.support:support-compat:28.0.0] AndroidManifest.xml:22:18-91
44        android:debuggable="true"
45        android:icon="@drawable/gdticon"
45-->src\main\AndroidManifest.xml:28:9-41
46        android:label="广点通TBS Demo"
46-->src\main\AndroidManifest.xml:30:9-36
47        android:networkSecurityConfig="@xml/network_security_config"
47-->src\main\AndroidManifest.xml:32:9-69
48        android:testOnly="true"
49        android:theme="@style/AppTheme"
49-->src\main\AndroidManifest.xml:31:9-40
50        android:usesCleartextTraffic="true" >
50-->[GDTSDK.tbsNormal.4.211.1081.aar] AndroidManifest.xml:16:18-53
51
52        <!-- mtg所需要依赖，此处配置作用于流量分配功能，关于流量分配功能，详情请咨询商务 -->
53        <uses-library
53-->src\main\AndroidManifest.xml:34:9-36:40
54            android:name="org.apache.http.legacy"
54-->src\main\AndroidManifest.xml:35:13-50
55            android:required="false" />
55-->src\main\AndroidManifest.xml:36:13-37
56        <!-- mtg所需要依赖结束 -->
57        <!-- targetSDKVersion >= 24时才需要添加这个provider。provider的authorities属性的值为${applicationId}.fileprovider，请开发者根据自己的${applicationId}来设置这个值，例如本例中applicationId为"com.qq.e.union.demo"。 -->
58        <provider
59            android:name="android.support.v4.content.FileProvider"
59-->src\main\AndroidManifest.xml:40:13-67
60            android:authorities="com.qq.e.union.demo.fileprovider"
60-->src\main\AndroidManifest.xml:41:13-64
61            android:exported="false"
61-->src\main\AndroidManifest.xml:42:13-37
62            android:grantUriPermissions="true" >
62-->src\main\AndroidManifest.xml:43:13-47
63            <meta-data
63-->src\main\AndroidManifest.xml:44:13-46:57
64                android:name="android.support.FILE_PROVIDER_PATHS"
64-->src\main\AndroidManifest.xml:45:17-67
65                android:resource="@xml/gdt_file_path" />
65-->src\main\AndroidManifest.xml:46:17-54
66        </provider>
67
68        <!-- 此处配置作用于流量分配功能. 如果接入 Google 广告(使用 Admob 包下的任何一个 Adapter ,即接入 Google 广告)，请务必添加 meta-data ，否则不能正常初始化  异常:java.lang.IllegalStateException -->
69        <meta-data
69-->src\main\AndroidManifest.xml:50:9-52:70
70            android:name="com.google.android.gms.ads.APPLICATION_ID"
70-->src\main\AndroidManifest.xml:51:13-69
71            android:value="ca-app-pub-3940256099942544~3347511713" />
71-->src\main\AndroidManifest.xml:52:13-67
72        <!-- Admob SDK Manifest相关配置到此结束 -->
73
74
75        <!-- 声明该Demo中的组件 -->
76        <activity
76-->src\main\AndroidManifest.xml:56:9-67:20
77            android:name="com.qq.e.union.demo.DemoListActivity"
77-->src\main\AndroidManifest.xml:57:13-45
78            android:exported="true"
78-->src\main\AndroidManifest.xml:58:13-36
79            android:label="@string/title_activity_maindemo"
79-->src\main\AndroidManifest.xml:59:13-60
80            android:launchMode="singleTask"
80-->src\main\AndroidManifest.xml:60:13-44
81            android:screenOrientation="portrait"
81-->src\main\AndroidManifest.xml:61:13-49
82            android:windowSoftInputMode="stateHidden|stateAlwaysHidden" >
82-->src\main\AndroidManifest.xml:62:13-72
83            <intent-filter>
83-->src\main\AndroidManifest.xml:63:13-66:29
84                <action android:name="android.intent.action.VIEW" />
84-->src\main\AndroidManifest.xml:64:17-69
84-->src\main\AndroidManifest.xml:64:25-66
85
86                <category android:name="android.intent.category.DEFAULT" />
86-->src\main\AndroidManifest.xml:65:17-76
86-->src\main\AndroidManifest.xml:65:27-73
87            </intent-filter>
88        </activity>
89        <activity
89-->src\main\AndroidManifest.xml:68:9-70:75
90            android:name="com.qq.e.union.demo.SDKVersionActivity"
90-->src\main\AndroidManifest.xml:68:19-53
91            android:screenOrientation="portrait"
91-->src\main\AndroidManifest.xml:69:13-49
92            android:theme="@android:style/Theme.Translucent.NoTitleBar" />
92-->src\main\AndroidManifest.xml:70:13-72
93        <activity
93-->src\main\AndroidManifest.xml:71:9-81:20
94            android:name="com.qq.e.union.demo.SplashActivity"
94-->src\main\AndroidManifest.xml:72:13-43
95            android:configChanges="keyboard|keyboardHidden|orientation|screenSize"
95-->src\main\AndroidManifest.xml:73:13-83
96            android:screenOrientation="portrait"
96-->src\main\AndroidManifest.xml:74:13-49
97            android:theme="@android:style/Theme.NoTitleBar.Fullscreen"
97-->src\main\AndroidManifest.xml:75:13-71
98            android:windowSoftInputMode="stateHidden" >
98-->src\main\AndroidManifest.xml:76:13-54
99            <intent-filter>
99-->src\main\AndroidManifest.xml:77:13-80:29
100                <action android:name="android.intent.action.MAIN" />
100-->src\main\AndroidManifest.xml:78:17-69
100-->src\main\AndroidManifest.xml:78:25-66
101
102                <category android:name="android.intent.category.LAUNCHER" />
102-->src\main\AndroidManifest.xml:79:17-77
102-->src\main\AndroidManifest.xml:79:27-74
103            </intent-filter>
104        </activity>
105        <activity
105-->src\main\AndroidManifest.xml:82:9-100:20
106            android:name="com.qq.e.union.demo.SplashADActivity"
106-->src\main\AndroidManifest.xml:83:13-45
107            android:screenOrientation="portrait" >
107-->src\main\AndroidManifest.xml:84:13-49
108            <intent-filter>
108-->src\main\AndroidManifest.xml:85:13-89:29
109                <action android:name="gdt.action.LAUNCH_DEMO" />
109-->src\main\AndroidManifest.xml:86:17-65
109-->src\main\AndroidManifest.xml:86:25-62
110
111                <category android:name="android.intent.category.DEFAULT" />
111-->src\main\AndroidManifest.xml:65:17-76
111-->src\main\AndroidManifest.xml:65:27-73
112            </intent-filter>
113
114            <meta-data
114-->src\main\AndroidManifest.xml:91:13-93:50
115                android:name="id"
115-->src\main\AndroidManifest.xml:92:17-34
116                android:value="@string/splash" />
116-->src\main\AndroidManifest.xml:93:17-47
117            <meta-data
117-->src\main\AndroidManifest.xml:94:13-96:44
118                android:name="content"
118-->src\main\AndroidManifest.xml:95:17-39
119                android:value="开屏广告接入示例" />
119-->src\main\AndroidManifest.xml:96:17-41
120            <meta-data
120-->src\main\AndroidManifest.xml:97:13-99:58
121                android:name="action"
121-->src\main\AndroidManifest.xml:98:17-38
122                android:value="gdt.action.LAUNCH_DEMO" />
122-->src\main\AndroidManifest.xml:99:17-55
123        </activity>
124        <activity
124-->src\main\AndroidManifest.xml:101:9-104:75
125            android:name="com.qq.e.union.demo.DeviceInfoActivity"
125-->src\main\AndroidManifest.xml:102:13-47
126            android:label="@string/title_activity_device_info"
126-->src\main\AndroidManifest.xml:103:13-63
127            android:windowSoftInputMode="stateHidden|stateAlwaysHidden" />
127-->src\main\AndroidManifest.xml:104:13-72
128        <activity
128-->src\main\AndroidManifest.xml:105:9-108:74
129            android:name="com.qq.e.union.demo.adapter.test.activity.MediationTestActivity"
129-->src\main\AndroidManifest.xml:106:13-72
130            android:label="@string/title_activity_test_mediation"
130-->src\main\AndroidManifest.xml:107:13-66
131            android:windowSoftInputMode="stateHidden|stateAlwaysHidden" />
131-->src\main\AndroidManifest.xml:108:13-72
132        <activity
132-->src\main\AndroidManifest.xml:109:9-129:20
133            android:name="com.qq.e.union.demo.NativeADActivity"
133-->src\main\AndroidManifest.xml:110:13-45
134            android:label="@string/title_nativead"
134-->src\main\AndroidManifest.xml:111:13-51
135            android:screenOrientation="portrait"
135-->src\main\AndroidManifest.xml:112:13-49
136            android:windowSoftInputMode="stateHidden|stateAlwaysHidden" >
136-->src\main\AndroidManifest.xml:113:13-72
137            <meta-data
137-->src\main\AndroidManifest.xml:91:13-93:50
138                android:name="id"
138-->src\main\AndroidManifest.xml:92:17-34
139                android:value="@string/nativeSelf" />
139-->src\main\AndroidManifest.xml:93:17-47
140            <meta-data
140-->src\main\AndroidManifest.xml:94:13-96:44
141                android:name="content"
141-->src\main\AndroidManifest.xml:95:17-39
142                android:value="原生广告(自渲染)接入示例" />
142-->src\main\AndroidManifest.xml:96:17-41
143            <meta-data
143-->src\main\AndroidManifest.xml:97:13-99:58
144                android:name="action"
144-->src\main\AndroidManifest.xml:98:17-38
145                android:value="gdt.action.NATIVE_SELF_DEMO" />
145-->src\main\AndroidManifest.xml:99:17-55
146
147            <intent-filter>
147-->src\main\AndroidManifest.xml:124:13-128:29
148                <action android:name="gdt.action.NATIVE_SELF_DEMO" />
148-->src\main\AndroidManifest.xml:125:17-70
148-->src\main\AndroidManifest.xml:125:25-67
149
150                <category android:name="android.intent.category.DEFAULT" />
150-->src\main\AndroidManifest.xml:65:17-76
150-->src\main\AndroidManifest.xml:65:27-73
151            </intent-filter>
152        </activity>
153        <activity
153-->src\main\AndroidManifest.xml:130:9-151:20
154            android:name="com.qq.e.union.demo.MultiProcessNativeADActivity"
154-->src\main\AndroidManifest.xml:131:13-57
155            android:label="@string/title_nativead"
155-->src\main\AndroidManifest.xml:132:13-51
156            android:process=":nativead"
156-->src\main\AndroidManifest.xml:133:13-40
157            android:screenOrientation="portrait"
157-->src\main\AndroidManifest.xml:134:13-49
158            android:windowSoftInputMode="stateHidden|stateAlwaysHidden" >
158-->src\main\AndroidManifest.xml:135:13-72
159            <meta-data
159-->src\main\AndroidManifest.xml:91:13-93:50
160                android:name="id"
160-->src\main\AndroidManifest.xml:92:17-34
161                android:value="@string/nativeSelfMp" />
161-->src\main\AndroidManifest.xml:93:17-47
162            <meta-data
162-->src\main\AndroidManifest.xml:94:13-96:44
163                android:name="content"
163-->src\main\AndroidManifest.xml:95:17-39
164                android:value="原生广告(自渲染)接入示例(多进程)" />
164-->src\main\AndroidManifest.xml:96:17-41
165            <meta-data
165-->src\main\AndroidManifest.xml:97:13-99:58
166                android:name="action"
166-->src\main\AndroidManifest.xml:98:17-38
167                android:value="gdt.action.NATIVE_SELF_MP_DEMO" />
167-->src\main\AndroidManifest.xml:99:17-55
168
169            <intent-filter>
169-->src\main\AndroidManifest.xml:146:13-150:29
170                <action android:name="gdt.action.NATIVE_SELF_MP_DEMO" />
170-->src\main\AndroidManifest.xml:147:17-73
170-->src\main\AndroidManifest.xml:147:25-70
171
172                <category android:name="android.intent.category.DEFAULT" />
172-->src\main\AndroidManifest.xml:65:17-76
172-->src\main\AndroidManifest.xml:65:27-73
173            </intent-filter>
174        </activity>
175        <activity
175-->src\main\AndroidManifest.xml:152:9-155:52
176            android:name="com.qq.e.union.demo.NativeVideoListDemoActivity"
176-->src\main\AndroidManifest.xml:153:13-56
177            android:label="@string/title_activity_gdtnative_video_ad"
177-->src\main\AndroidManifest.xml:154:13-70
178            android:screenOrientation="portrait" />
178-->src\main\AndroidManifest.xml:155:13-49
179        <activity
179-->src\main\AndroidManifest.xml:156:9-159:52
180            android:name="com.qq.e.union.demo.NativeVideoDemoActivity"
180-->src\main\AndroidManifest.xml:157:13-52
181            android:label="@string/title_activity_native_video_demo"
181-->src\main\AndroidManifest.xml:158:13-69
182            android:screenOrientation="portrait" />
182-->src\main\AndroidManifest.xml:159:13-49
183        <activity
183-->src\main\AndroidManifest.xml:160:9-180:20
184            android:name="com.qq.e.union.demo.NativeVideoADActivity"
184-->src\main\AndroidManifest.xml:161:13-50
185            android:label="@string/title_activity_native_video_ad"
185-->src\main\AndroidManifest.xml:162:13-67
186            android:screenOrientation="portrait"
186-->src\main\AndroidManifest.xml:163:13-49
187            android:windowSoftInputMode="stateHidden|stateAlwaysHidden" >
187-->src\main\AndroidManifest.xml:164:13-72
188            <meta-data
188-->src\main\AndroidManifest.xml:91:13-93:50
189                android:name="id"
189-->src\main\AndroidManifest.xml:92:17-34
190                android:value="@string/nativeVideo" />
190-->src\main\AndroidManifest.xml:93:17-47
191            <meta-data
191-->src\main\AndroidManifest.xml:94:13-96:44
192                android:name="content"
192-->src\main\AndroidManifest.xml:95:17-39
193                android:value="原生视频广告(自渲染)接入示例" />
193-->src\main\AndroidManifest.xml:96:17-41
194            <meta-data
194-->src\main\AndroidManifest.xml:97:13-99:58
195                android:name="action"
195-->src\main\AndroidManifest.xml:98:17-38
196                android:value="gdt.action.NATIVE_VIDEO_DEMO" />
196-->src\main\AndroidManifest.xml:99:17-55
197
198            <intent-filter>
198-->src\main\AndroidManifest.xml:175:13-179:29
199                <action android:name="gdt.action.NATIVE_VIDEO_DEMO" />
199-->src\main\AndroidManifest.xml:176:17-71
199-->src\main\AndroidManifest.xml:176:25-68
200
201                <category android:name="android.intent.category.DEFAULT" />
201-->src\main\AndroidManifest.xml:65:17-76
201-->src\main\AndroidManifest.xml:65:27-73
202            </intent-filter>
203        </activity>
204        <activity
204-->src\main\AndroidManifest.xml:181:9-184:52
205            android:name="com.qq.e.union.demo.NativeVideoRecyclerViewActivity"
205-->src\main\AndroidManifest.xml:182:13-60
206            android:label="@string/title_activity_native_video_recycler_view"
206-->src\main\AndroidManifest.xml:183:13-78
207            android:screenOrientation="portrait" />
207-->src\main\AndroidManifest.xml:184:13-49
208        <activity
208-->src\main\AndroidManifest.xml:185:9-189:63
209            android:name="com.qq.e.union.demo.NativeVideoScrollViewActivity"
209-->src\main\AndroidManifest.xml:186:13-58
210            android:label="@string/title_activity_native_video_scroll_view"
210-->src\main\AndroidManifest.xml:187:13-76
211            android:screenOrientation="portrait"
211-->src\main\AndroidManifest.xml:188:13-49
212            android:theme="@android:style/Theme.NoTitleBar" />
212-->src\main\AndroidManifest.xml:189:13-60
213        <activity
213-->src\main\AndroidManifest.xml:190:9-194:63
214            android:name="com.qq.e.union.demo.NativeVideoPreMovieActivity"
214-->src\main\AndroidManifest.xml:191:13-56
215            android:configChanges="keyboard|keyboardHidden|orientation|screenSize"
215-->src\main\AndroidManifest.xml:192:13-83
216            android:label="@string/title_activity_native_video_pre_movie"
216-->src\main\AndroidManifest.xml:193:13-74
217            android:theme="@android:style/Theme.NoTitleBar" />
217-->src\main\AndroidManifest.xml:194:13-60
218        <activity
218-->src\main\AndroidManifest.xml:195:9-215:20
219            android:name="com.qq.e.union.demo.NativeExpressADActivity"
219-->src\main\AndroidManifest.xml:196:13-52
220            android:label="@string/title_activity_native_express_ad"
220-->src\main\AndroidManifest.xml:197:13-69
221            android:screenOrientation="portrait"
221-->src\main\AndroidManifest.xml:198:13-49
222            android:windowSoftInputMode="stateHidden|stateAlwaysHidden" >
222-->src\main\AndroidManifest.xml:199:13-72
223            <meta-data
223-->src\main\AndroidManifest.xml:91:13-93:50
224                android:name="id"
224-->src\main\AndroidManifest.xml:92:17-34
225                android:value="@string/nativeExpress" />
225-->src\main\AndroidManifest.xml:93:17-47
226            <meta-data
226-->src\main\AndroidManifest.xml:94:13-96:44
227                android:name="content"
227-->src\main\AndroidManifest.xml:95:17-39
228                android:value="原生广告(模板渲染)接入示例" />
228-->src\main\AndroidManifest.xml:96:17-41
229            <meta-data
229-->src\main\AndroidManifest.xml:97:13-99:58
230                android:name="action"
230-->src\main\AndroidManifest.xml:98:17-38
231                android:value="gdt.action.NATIVE_EXPRESS_DEMO" />
231-->src\main\AndroidManifest.xml:99:17-55
232
233            <intent-filter>
233-->src\main\AndroidManifest.xml:210:13-214:29
234                <action android:name="gdt.action.NATIVE_EXPRESS_DEMO" />
234-->src\main\AndroidManifest.xml:211:17-73
234-->src\main\AndroidManifest.xml:211:25-70
235
236                <category android:name="android.intent.category.DEFAULT" />
236-->src\main\AndroidManifest.xml:65:17-76
236-->src\main\AndroidManifest.xml:65:27-73
237            </intent-filter>
238        </activity>
239        <activity
239-->src\main\AndroidManifest.xml:216:9-221:57
240            android:name="com.qq.e.union.demo.NativeExpressDemoActivity"
240-->src\main\AndroidManifest.xml:217:13-54
241            android:configChanges="keyboard|keyboardHidden|orientation|screenSize"
241-->src\main\AndroidManifest.xml:218:13-83
242            android:label="@string/title_activity_native_express_demo"
242-->src\main\AndroidManifest.xml:219:13-71
243            android:screenOrientation="portrait"
243-->src\main\AndroidManifest.xml:220:13-49
244            android:windowSoftInputMode="stateHidden" />
244-->src\main\AndroidManifest.xml:221:13-54
245        <activity
245-->src\main\AndroidManifest.xml:222:9-226:52
246            android:name="com.qq.e.union.demo.NativeExpressRecyclerViewActivity"
246-->src\main\AndroidManifest.xml:223:13-62
247            android:configChanges="keyboard|keyboardHidden|orientation|screenSize"
247-->src\main\AndroidManifest.xml:224:13-83
248            android:label="@string/title_activity_native_express_recycler_view"
248-->src\main\AndroidManifest.xml:225:13-80
249            android:screenOrientation="portrait" />
249-->src\main\AndroidManifest.xml:226:13-49
250        <activity
250-->src\main\AndroidManifest.xml:227:9-248:20
251            android:name="com.qq.e.union.demo.NativeADUnifiedActivity"
251-->src\main\AndroidManifest.xml:228:13-52
252            android:configChanges="keyboard|keyboardHidden|orientation|screenSize"
252-->src\main\AndroidManifest.xml:229:13-83
253            android:label="@string/title_activity_native_unified_demo"
253-->src\main\AndroidManifest.xml:230:13-71
254            android:screenOrientation="portrait"
254-->src\main\AndroidManifest.xml:231:13-49
255            android:windowSoftInputMode="stateHidden" >
255-->src\main\AndroidManifest.xml:232:13-54
256            <meta-data
256-->src\main\AndroidManifest.xml:91:13-93:50
257                android:name="id"
257-->src\main\AndroidManifest.xml:92:17-34
258                android:value="@string/nativeContainer" />
258-->src\main\AndroidManifest.xml:93:17-47
259            <meta-data
259-->src\main\AndroidManifest.xml:94:13-96:44
260                android:name="content"
260-->src\main\AndroidManifest.xml:95:17-39
261                android:value="自渲染 2.0接入示例" />
261-->src\main\AndroidManifest.xml:96:17-41
262            <meta-data
262-->src\main\AndroidManifest.xml:97:13-99:58
263                android:name="action"
263-->src\main\AndroidManifest.xml:98:17-38
264                android:value="gdt.action.NATIVE_CONTAINER" />
264-->src\main\AndroidManifest.xml:99:17-55
265
266            <intent-filter>
266-->src\main\AndroidManifest.xml:243:13-247:29
267                <action android:name="gdt.action.NATIVE_CONTAINER" />
267-->src\main\AndroidManifest.xml:244:17-70
267-->src\main\AndroidManifest.xml:244:25-67
268
269                <category android:name="android.intent.category.DEFAULT" />
269-->src\main\AndroidManifest.xml:65:17-76
269-->src\main\AndroidManifest.xml:65:27-73
270            </intent-filter>
271        </activity>
272        <activity
272-->src\main\AndroidManifest.xml:249:9-252:74
273            android:name="com.qq.e.union.demo.NativeADUnifiedSampleActivity"
273-->src\main\AndroidManifest.xml:250:13-58
274            android:configChanges="keyboard|keyboardHidden|orientation|screenSize"
274-->src\main\AndroidManifest.xml:251:13-83
275            android:label="@string/title_activity_native_unified_demo" />
275-->src\main\AndroidManifest.xml:252:13-71
276        <activity
276-->src\main\AndroidManifest.xml:253:9-257:52
277            android:name="com.qq.e.union.demo.NativeADUnifiedListViewActivity"
277-->src\main\AndroidManifest.xml:254:13-60
278            android:configChanges="keyboard|keyboardHidden|orientation|screenSize"
278-->src\main\AndroidManifest.xml:255:13-83
279            android:label="@string/title_activity_native_unified_demo"
279-->src\main\AndroidManifest.xml:256:13-71
280            android:screenOrientation="portrait" />
280-->src\main\AndroidManifest.xml:257:13-49
281        <activity
281-->src\main\AndroidManifest.xml:258:9-262:52
282            android:name="com.qq.e.union.demo.NativeADUnifiedRecyclerViewActivity"
282-->src\main\AndroidManifest.xml:259:13-64
283            android:configChanges="keyboard|keyboardHidden|orientation|screenSize"
283-->src\main\AndroidManifest.xml:260:13-83
284            android:label="@string/title_activity_native_unified_demo"
284-->src\main\AndroidManifest.xml:261:13-71
285            android:screenOrientation="portrait" />
285-->src\main\AndroidManifest.xml:262:13-49
286        <activity
286-->src\main\AndroidManifest.xml:263:9-266:74
287            android:name="com.qq.e.union.demo.NativeADUnifiedPreMovieActivity"
287-->src\main\AndroidManifest.xml:264:13-60
288            android:configChanges="keyboard|keyboardHidden|orientation|screenSize"
288-->src\main\AndroidManifest.xml:265:13-83
289            android:label="@string/title_activity_native_unified_demo" />
289-->src\main\AndroidManifest.xml:266:13-71
290        <activity
290-->src\main\AndroidManifest.xml:267:9-272:62
291            android:name="com.qq.e.union.demo.NativeADUnifiedFullScreenActivity"
291-->src\main\AndroidManifest.xml:268:13-62
292            android:configChanges="keyboard|keyboardHidden|orientation|screenSize"
292-->src\main\AndroidManifest.xml:269:13-83
293            android:label="@string/title_activity_native_unified_demo"
293-->src\main\AndroidManifest.xml:270:13-71
294            android:screenOrientation="portrait"
294-->src\main\AndroidManifest.xml:271:13-49
295            android:theme="@android:style/Theme.NoTitleBar" />
295-->src\main\AndroidManifest.xml:272:13-60
296        <activity
296-->src\main\AndroidManifest.xml:273:9-278:62
297            android:name="com.qq.e.union.demo.NativeADUnifiedFullScreenFeedActivity"
297-->src\main\AndroidManifest.xml:274:13-66
298            android:configChanges="keyboard|keyboardHidden|orientation|screenSize"
298-->src\main\AndroidManifest.xml:275:13-83
299            android:label="@string/title_activity_native_unified_demo"
299-->src\main\AndroidManifest.xml:276:13-71
300            android:screenOrientation="portrait"
300-->src\main\AndroidManifest.xml:277:13-49
301            android:theme="@android:style/Theme.NoTitleBar" />
301-->src\main\AndroidManifest.xml:278:13-60
302        <activity
302-->src\main\AndroidManifest.xml:279:9-299:20
303            android:name="com.qq.e.union.demo.ContentADActivity"
303-->src\main\AndroidManifest.xml:280:13-46
304            android:label="@string/title_contentad"
304-->src\main\AndroidManifest.xml:281:13-52
305            android:screenOrientation="portrait"
305-->src\main\AndroidManifest.xml:282:13-49
306            android:windowSoftInputMode="stateHidden|stateAlwaysHidden" >
306-->src\main\AndroidManifest.xml:283:13-72
307            <meta-data
307-->src\main\AndroidManifest.xml:91:13-93:50
308                android:name="id"
308-->src\main\AndroidManifest.xml:92:17-34
309                android:value="@string/content" />
309-->src\main\AndroidManifest.xml:93:17-47
310            <meta-data
310-->src\main\AndroidManifest.xml:94:13-96:44
311                android:name="content"
311-->src\main\AndroidManifest.xml:95:17-39
312                android:value="内容+广告接入示例" />
312-->src\main\AndroidManifest.xml:96:17-41
313            <meta-data
313-->src\main\AndroidManifest.xml:97:13-99:58
314                android:name="action"
314-->src\main\AndroidManifest.xml:98:17-38
315                android:value="gdt.action.CONTENT_DEMO" />
315-->src\main\AndroidManifest.xml:99:17-55
316
317            <intent-filter>
317-->src\main\AndroidManifest.xml:294:13-298:29
318                <action android:name="gdt.action.CONTENT_DEMO" />
318-->src\main\AndroidManifest.xml:295:17-66
318-->src\main\AndroidManifest.xml:295:25-63
319
320                <category android:name="android.intent.category.DEFAULT" />
320-->src\main\AndroidManifest.xml:65:17-76
320-->src\main\AndroidManifest.xml:65:27-73
321            </intent-filter>
322        </activity>
323        <activity
323-->src\main\AndroidManifest.xml:300:9-321:20
324            android:name="com.qq.e.union.demo.RewardVideoActivity"
324-->src\main\AndroidManifest.xml:301:13-48
325            android:configChanges="keyboard|keyboardHidden|orientation|screenSize"
325-->src\main\AndroidManifest.xml:302:13-83
326            android:label="@string/title_reward_video"
326-->src\main\AndroidManifest.xml:303:13-55
327            android:screenOrientation="portrait"
327-->src\main\AndroidManifest.xml:304:13-49
328            android:windowSoftInputMode="stateHidden|stateAlwaysHidden" >
328-->src\main\AndroidManifest.xml:305:13-72
329            <meta-data
329-->src\main\AndroidManifest.xml:91:13-93:50
330                android:name="id"
330-->src\main\AndroidManifest.xml:92:17-34
331                android:value="@string/rewardVideo" />
331-->src\main\AndroidManifest.xml:93:17-47
332            <meta-data
332-->src\main\AndroidManifest.xml:94:13-96:44
333                android:name="content"
333-->src\main\AndroidManifest.xml:95:17-39
334                android:value="激励视频广告接入示例" />
334-->src\main\AndroidManifest.xml:96:17-41
335            <meta-data
335-->src\main\AndroidManifest.xml:97:13-99:58
336                android:name="action"
336-->src\main\AndroidManifest.xml:98:17-38